     1                                 %line 1+1 example.asm
     2                                 [section .data]
     3                                 EXIT_SUCCESS equ 0
     4                                 SYS_EXIT equ 60
     5                                 
     6 00000000 11                     bVar1 db 17
     7 00000001 09                     bVar2 db 9
     8 00000002 00                     bResult db 0
     9                                 
    10 00000003 D007000000000000       qVar dq 2000
    11                                 
    12                                 [section .text]
    13                                 [global _start]
    14                                 _start:
    15 00000000 488B0425[00000000]      mov rax, qword [qVar]
    16                                 
    17                                 last:
    18 00000008 48C7C03C000000          mov rax, SYS_EXIT
    19 0000000F 48C7C700000000          mov rdi, EXIT_SUCCESS
    20 00000016 0F05                    syscall
